[2013-01-19 09:28:22] START
[2013-01-19 09:28:22] CREATE webrtc.py: 0
[2013-01-19 09:29:47] EDIT welcome/controllers/webrtc.py: 2
[2013-01-19 09:30:16] CREATE webrtc_.html: 0
[2013-01-19 09:30:51] CREATE webrtc/index.html: 0
[2013-01-19 09:31:30] EDIT welcome/views/webrtc/index.html: 0
[2013-01-19 09:32:35] EDIT welcome/controllers/webrtc.py: 0
[2013-01-20 22:33:46] EDIT welcome/views/webrtc/index.html: 1
[2013-01-20 22:34:51] EDIT welcome/static/js/rtc.js: 0
[2013-01-20 22:36:41] EDIT welcome/static/js/rtc.js: 2
[2013-01-20 22:38:00] EDIT welcome/static/js/rtc.js: 1
[2013-01-20 22:38:45] EDIT welcome/static/js/rtc.js: 1
[2013-01-20 22:39:20] EDIT welcome/static/js/rtc.js: 3
[2013-01-20 22:41:26] EDIT welcome/static/js/rtc.js: 23
[2013-01-20 22:48:57] EDIT welcome/static/js/rtc.js: 19
[2013-01-20 22:49:58] EDIT welcome/static/js/rtc.js: 0
[2013-01-20 22:56:19] EDIT welcome/static/js/rtc.js: 6
[2013-01-20 22:58:52] EDIT welcome/static/js/rtc.js: -6
[2013-01-20 23:05:14] EDIT welcome/controllers/webrtc.py: 5
[2013-01-20 23:08:56] EDIT welcome/controllers/webrtc.py: 1
[2013-01-20 23:11:20] EDIT welcome/controllers/webrtc.py: 0
[2013-01-20 23:11:24] EDIT welcome/static/js/rtc.js: 0
[2013-01-20 23:13:04] EDIT welcome/controllers/webrtc.py: 3
[2013-01-20 23:13:25] EDIT welcome/static/js/rtc.js: 0
[2013-01-20 23:14:26] EDIT welcome/controllers/webrtc.py: -3
[2013-01-20 23:14:46] EDIT welcome/controllers/webrtc.py: 0
[2013-01-20 23:16:29] EDIT welcome/views/webrtc/index.html: 3
[2013-01-20 23:16:33] EDIT welcome/views/webrtc/index.html: 0
[2013-01-20 23:16:56] EDIT welcome/static/js/rtc.js: -1
[2013-01-20 23:17:40] EDIT welcome/controllers/webrtc.py: 0
[2013-01-20 23:17:51] EDIT welcome/static/js/rtc.js: 0
[2013-01-20 23:18:19] EDIT welcome/static/js/rtc.js: -1
[2013-01-20 23:23:53] EDIT welcome/static/js/rtc.js: -4
[2013-01-20 23:24:33] EDIT welcome/static/js/rtc.js: 3
[2013-01-20 23:24:48] EDIT welcome/static/js/rtc.js: 0
[2013-01-20 23:25:20] EDIT welcome/static/js/rtc.js: 0
[2013-01-20 23:25:48] EDIT welcome/static/js/rtc.js: 0
[2013-01-20 23:27:08] EDIT welcome/static/js/rtc.js: -4
[2013-01-20 23:29:28] EDIT welcome/static/js/rtc.js: 1
[2013-01-20 23:29:34] EDIT welcome/static/js/rtc.js: -4
[2013-01-20 23:29:45] EDIT welcome/static/js/rtc.js: -5
[2013-01-20 23:35:03] EDIT welcome/static/js/rtc.js: 0
[2013-01-20 23:37:11] EDIT welcome/static/js/rtc.js: 0
[2013-01-20 23:43:26] EDIT welcome/static/js/rtc.js: 5
[2013-01-20 23:46:07] EDIT welcome/static/js/rtc.js: 0
[2013-01-20 23:48:08] EDIT welcome/static/js/rtc.js: 0
[2013-01-20 23:50:56] EDIT welcome/static/js/rtc.js: 0
[2013-01-20 23:55:51] EDIT welcome/controllers/webrtc.py: 1
[2013-01-20 23:56:55] EDIT welcome/static/js/rtc.js: -3
[2013-01-20 23:58:30] EDIT welcome/static/js/rtc.js: 0
[2013-01-20 23:59:41] EDIT welcome/static/js/rtc.js: -1
[2013-01-21 00:03:27] EDIT welcome/static/js/rtc.js: 0
[2013-01-21 00:03:56] EDIT welcome/static/js/rtc.js: 0
[2013-01-21 00:08:14] EDIT welcome/static/js/rtc.js: 0
[2013-01-21 00:08:30] EDIT welcome/static/js/rtc.js: -3
[2013-01-21 00:08:40] EDIT welcome/static/js/rtc.js: 3
[2013-01-21 00:09:33] EDIT welcome/static/js/rtc.js: -1
[2013-01-21 00:14:26] EDIT welcome/views/webrtc/index.html: 0
[2013-01-21 00:15:48] EDIT welcome/static/js/rtc.js: 0
[2013-01-21 00:16:07] EDIT welcome/static/js/rtc.js: 0
[2013-01-21 00:16:42] EDIT welcome/views/webrtc/index.html: 0
[2013-01-21 00:20:26] EDIT welcome/controllers/webrtc.py: 0
[2013-01-21 00:22:06] EDIT welcome/static/js/rtc.js: 2
[2013-01-21 00:32:08] EDIT welcome/static/js/rtc.js: -2
[2013-01-21 00:33:24] EDIT welcome/controllers/webrtc.py: 0
[2013-01-21 00:33:50] EDIT welcome/static/js/rtc.js: 0
[2013-01-21 00:34:29] EDIT welcome/static/js/rtc.js: 0
[2013-01-21 00:36:35] EDIT welcome/controllers/webrtc.py: 0
[2013-01-21 00:53:27] EDIT welcome/models/db.py: 1
[2013-01-21 00:54:39] EDIT welcome/controllers/webrtc.py: 1
[2013-01-21 00:55:46] EDIT welcome/controllers/webrtc.py: 1
[2013-01-21 00:56:06] EDIT welcome/controllers/webrtc.py: 0
[2013-01-21 00:56:34] EDIT welcome/views/webrtc/index.html: 1
[2013-01-21 00:56:39] EDIT welcome/views/webrtc/index.html: 0
[2013-01-21 00:57:52] EDIT welcome/static/js/rtc.js: 1
[2013-01-21 00:58:46] EDIT welcome/controllers/webrtc.py: 0
[2013-01-21 00:59:00] EDIT welcome/models/db.py: 0
[2013-01-21 00:59:58] EDIT welcome/controllers/webrtc.py: 0
[2013-01-21 01:00:41] EDIT welcome/controllers/webrtc.py: 1
[2013-01-21 01:00:44] EDIT welcome/controllers/webrtc.py: 0
[2013-01-21 01:01:13] EDIT welcome/controllers/webrtc.py: 0
[2013-01-21 01:03:05] EDIT welcome/controllers/webrtc.py: 2
[2013-01-21 01:04:12] EDIT welcome/controllers/webrtc.py: 0
[2013-01-21 01:06:44] EDIT welcome/controllers/webrtc.py: 0
[2013-01-21 01:13:14] EDIT welcome/models/db.py: 0
[2013-01-21 01:13:31] EDIT welcome/controllers/webrtc.py: 0
[2013-01-21 01:14:20] EDIT welcome/controllers/webrtc.py: 1
[2013-01-21 01:14:51] EDIT welcome/controllers/webrtc.py: 0
[2013-01-21 01:14:55] EDIT welcome/controllers/webrtc.py: 0
[2013-01-21 01:15:13] EDIT welcome/controllers/webrtc.py: 0
[2013-01-21 01:15:41] EDIT welcome/controllers/webrtc.py: 0
[2013-01-21 01:15:49] EDIT welcome/controllers/webrtc.py: 0
[2013-01-21 01:16:58] EDIT welcome/static/js/rtc.js: 0
[2013-01-21 01:18:00] EDIT welcome/controllers/webrtc.py: 1
[2013-01-21 01:18:29] EDIT welcome/static/js/rtc.js: 0
[2013-01-21 01:18:50] EDIT welcome/static/js/rtc.js: 1
[2013-01-21 01:22:41] EDIT welcome/static/js/rtc.js: 0
[2013-01-21 01:23:36] EDIT welcome/views/webrtc/index.html: 0
[2013-01-21 01:23:55] EDIT welcome/views/webrtc/index.html: 0
[2013-01-21 01:24:55] EDIT welcome/controllers/webrtc.py: 0
[2013-01-21 01:25:22] EDIT welcome/controllers/webrtc.py: 0
[2013-01-21 09:27:53] EDIT welcome/static/js/rtc.js: 7
[2013-01-21 09:28:10] EDIT welcome/static/js/rtc.js: -2
[2013-01-21 09:28:57] EDIT welcome/views/webrtc/index.html: 1
[2013-01-21 09:29:17] EDIT welcome/views/webrtc/index.html: 0
[2013-01-21 09:30:13] EDIT welcome/controllers/webrtc.py: 2
[2013-01-21 09:30:27] EDIT welcome/controllers/webrtc.py: 0
[2013-01-21 09:30:34] EDIT welcome/static/js/rtc.js: 0
[2013-01-21 09:31:04] EDIT welcome/controllers/webrtc.py: 0
[2013-01-21 09:31:29] EDIT welcome/views/webrtc/index.html: -1
[2013-01-21 09:40:52] EDIT welcome/static/js/rtc.js: 1
[2013-01-21 09:41:46] EDIT welcome/static/js/rtc.js: 1
[2013-01-21 09:42:47] EDIT welcome/static/js/rtc.js: -1
[2013-01-21 09:43:36] EDIT welcome/static/js/rtc.js: 0
[2013-01-21 09:44:16] EDIT welcome/controllers/webrtc.py: 0
[2013-01-21 09:47:34] EDIT welcome/static/js/rtc.js: 1
[2013-01-21 09:50:07] EDIT welcome/static/js/rtc.js: 6
[2013-01-21 09:51:05] EDIT welcome/static/js/rtc.js: 1
[2013-01-21 09:51:38] EDIT welcome/static/js/rtc.js: -1
[2013-01-21 10:06:52] EDIT welcome/static/js/rtc.js: 5
[2013-01-21 10:07:01] EDIT welcome/controllers/webrtc.py: 0
[2013-01-21 10:09:24] EDIT welcome/static/js/rtc.js: 3
[2013-01-21 10:09:53] EDIT welcome/static/js/rtc.js: 1
[2013-01-21 10:13:23] EDIT welcome/controllers/webrtc.py: -2
[2013-01-21 10:13:39] EDIT welcome/static/js/rtc.js: -6
[2013-01-21 10:19:53] EDIT welcome/static/js/rtc.js: 0
[2013-01-21 10:20:09] EDIT welcome/static/js/rtc.js: 0
[2013-01-21 10:21:09] EDIT welcome/static/js/rtc.js: 0
[2013-01-21 10:23:15] EDIT welcome/static/js/rtc.js: 3
[2013-01-21 11:15:18] EDIT welcome/static/js/rtc.js: 0
[2013-01-21 11:16:11] EDIT welcome/static/js/rtc.js: 0
[2013-01-21 11:16:27] EDIT welcome/views/webrtc/index.html: 0
[2013-01-21 11:16:32] EDIT welcome/views/webrtc/index.html: 0
[2013-01-21 11:17:57] EDIT welcome/static/js/rtc.js: 0
[2013-01-21 11:18:52] EDIT welcome/static/js/rtc.js: 0
[2013-01-21 11:19:19] EDIT welcome/static/js/rtc.js: 1
[2013-01-21 11:19:56] EDIT welcome/static/js/rtc.js: 0
[2013-01-21 11:20:09] EDIT welcome/static/js/rtc.js: 0
[2013-01-21 11:21:11] EDIT welcome/static/js/rtc.js: 0
[2013-01-21 11:22:26] EDIT welcome/static/js/rtc.js: 0
[2013-01-21 11:27:42] EDIT welcome/controllers/webrtc.py: 3
[2013-01-21 11:30:23] EDIT welcome/views/webrtc/demo.html: 0
[2013-01-21 11:31:04] EDIT welcome/views/webrtc/demo.html: 0
[2013-01-21 11:32:32] EDIT welcome/views/webrtc/demo.html: 1
[2013-01-21 11:32:54] EDIT welcome/views/webrtc/demo.html: 0
[2013-01-21 11:34:02] EDIT welcome/static/js/rtc.js: 0
[2013-01-21 11:37:13] EDIT welcome/static/js/rtc.js: 0
[2013-01-21 11:37:23] EDIT welcome/static/js/rtc.js: 0
[2013-01-21 11:37:59] EDIT welcome/static/js/rtc.js: 0
[2013-01-21 11:41:07] EDIT welcome/views/webrtc/demo.html: -7
[2013-01-21 11:41:38] EDIT welcome/views/webrtc/demo.html: 7
[2013-01-21 11:42:05] EDIT welcome/views/webrtc/demo.html: -2
[2013-01-21 11:42:30] EDIT welcome/views/webrtc/demo.html: 0
[2013-01-21 11:42:46] EDIT welcome/views/webrtc/demo.html: 2
[2013-01-22 21:16:01] EDIT welcome/controllers/webrtc.py: -9
[2013-01-22 21:19:13] EDIT welcome/static/js/rtc.js: 1
[2013-01-22 21:21:19] EDIT welcome/static/js/rtc.js: 1
[2013-01-22 21:22:25] EDIT welcome/static/js/rtc.js: 3
[2013-01-22 21:23:26] EDIT welcome/static/js/rtc.js: 12
[2013-01-22 21:24:20] EDIT welcome/static/js/rtc.js: 0
[2013-01-22 21:25:04] EDIT welcome/static/js/rtc.js: -2
[2013-01-22 21:25:56] EDIT welcome/static/js/rtc.js: 3
[2013-01-22 21:26:24] EDIT welcome/static/js/rtc.js: -2
[2013-01-22 21:26:33] EDIT welcome/static/js/rtc.js: 0
[2013-01-22 21:26:53] EDIT welcome/static/js/rtc.js: -15
[2013-01-22 21:26:55] EDIT welcome/static/js/rtc.js: 0
[2013-01-22 21:27:07] EDIT welcome/static/js/rtc.js: 0
[2013-01-22 21:31:40] EDIT welcome/static/js/rtc.js: 1
[2013-01-22 21:32:52] EDIT welcome/static/js/rtc.js: -1
[2013-01-22 21:32:58] EDIT welcome/static/js/rtc.js: 1
[2013-01-22 21:37:24] EDIT welcome/controllers/webrtc.py: 0
[2013-01-22 21:38:57] EDIT welcome/static/js/rtc.js: 3
[2013-01-22 21:39:21] EDIT welcome/static/js/rtc.js: -3
[2013-01-22 21:42:02] EDIT welcome/static/js/rtc.js: 4
[2013-01-22 21:50:12] EDIT welcome/static/js/rtc.js: 1
[2013-01-22 21:51:03] EDIT welcome/static/js/rtc.js: -1
[2013-01-22 22:02:32] EDIT welcome/static/js/rtc.js: 0
[2013-01-22 22:02:44] EDIT welcome/controllers/webrtc.py: 0
[2013-01-23 13:20:55] EDIT welcome/controllers/webrtc.py: 0
[2013-01-23 13:21:27] EDIT welcome/static/js/rtc.js: -1
[2013-01-26 13:24:44] EDIT welcome/controllers/webrtc.py: 0
[2013-01-26 13:25:07] EDIT welcome/static/js/rtc.js: 0
[2013-01-28 09:22:26] EDIT welcome/controllers/webrtc.py: 0
[2013-01-28 09:22:41] EDIT welcome/controllers/webrtc.py: 0
[2013-01-28 09:23:34] EDIT welcome/views/webrtc/index.html: 1
[2013-01-28 09:24:07] EDIT welcome/static/js/rtc.js: 0
[2013-01-28 09:27:12] EDIT welcome/controllers/webrtc.py: -2
[2013-01-28 09:27:46] EDIT welcome/views/webrtc/index.html: 4
[2013-01-28 09:27:50] EDIT welcome/views/webrtc/index.html: -2
[2013-01-28 09:28:24] EDIT welcome/views/webrtc/index.html: 0
[2013-01-28 09:29:00] EDIT welcome/static/js/rtc.js: 0
[2013-01-28 09:30:39] EDIT welcome/controllers/webrtc.py: 0
[2013-01-28 09:30:42] EDIT welcome/controllers/webrtc.py: 0
[2013-01-28 09:31:09] EDIT welcome/controllers/webrtc.py: 0
[2013-01-28 09:31:23] EDIT welcome/static/js/rtc.js: 0
[2013-01-28 09:34:53] EDIT welcome/controllers/webrtc.py: 2
[2013-01-28 09:34:58] EDIT welcome/controllers/webrtc.py: 0
[2013-01-28 09:34:59] EDIT welcome/controllers/webrtc.py: 0
[2013-01-28 09:35:09] EDIT welcome/controllers/webrtc.py: 0
[2013-01-28 09:35:14] EDIT welcome/controllers/webrtc.py: 0
[2013-01-28 09:35:42] EDIT welcome/controllers/webrtc.py: 0
[2013-01-28 09:36:50] EDIT welcome/controllers/webrtc.py: 0
[2013-01-28 09:37:51] EDIT welcome/controllers/webrtc.py: 0
[2013-01-28 09:54:50] EDIT welcome/controllers/webrtc.py: 2
[2013-01-28 09:55:16] EDIT welcome/models/db.py: 0
[2013-01-28 09:55:45] EDIT welcome/models/db.py: 0
[2013-01-28 09:55:49] EDIT welcome/models/db.py: 0
[2013-01-28 09:57:18] EDIT welcome/controllers/webrtc.py: 1
[2013-01-28 10:00:22] EDIT welcome/controllers/webrtc.py: 1
[2013-01-28 10:01:24] EDIT welcome/controllers/webrtc.py: 0
[2013-01-28 10:02:12] EDIT welcome/controllers/webrtc.py: 0
[2013-01-28 10:03:43] EDIT welcome/views/webrtc/index.html: 2
[2013-01-28 10:04:58] EDIT welcome/static/js/rtc.js: 2
[2013-01-28 10:05:47] EDIT welcome/static/js/rtc.js: 2
[2013-01-28 10:06:58] EDIT welcome/static/js/rtc.js: 3
[2013-01-28 10:07:12] EDIT welcome/static/js/rtc.js: -2
[2013-01-28 10:07:53] EDIT welcome/static/js/rtc.js: 4
[2013-01-28 10:19:08] EDIT welcome/static/js/rtc.js: 0
[2013-01-28 10:20:40] EDIT welcome/controllers/webrtc.py: 0
[2013-01-28 10:22:04] EDIT welcome/controllers/webrtc.py: 0
[2013-01-28 10:22:48] EDIT welcome/static/js/rtc.js: 1
[2013-01-28 10:29:14] CREATE webrtc/teacher.html: 0
[2013-01-28 10:31:40] EDIT welcome/views/webrtc/teacher.html: 7
[2013-01-28 10:32:04] EDIT welcome/views/webrtc/teacher.html: 0
[2013-01-28 10:32:37] CREATE teacher_rtc: 0
[2013-01-28 10:33:01] DELETE welcome/static/teacher_rtc: 0
[2013-01-28 10:33:19] CREATE js/teacher_rtc.js: 0
[2013-01-28 10:34:27] DELETE welcome/static/js/rtc.js.bak: -90
[2013-01-28 10:39:45] EDIT welcome/static/js/teacher_rtc.js: 105
[2013-01-28 10:40:01] EDIT welcome/static/js/teacher_rtc.js: -1
[2013-01-28 10:40:07] EDIT welcome/static/js/teacher_rtc.js: 0
[2013-01-28 10:40:14] EDIT welcome/static/js/teacher_rtc.js: -3
[2013-01-28 10:40:31] EDIT welcome/static/js/teacher_rtc.js: -2
[2013-01-28 10:41:11] EDIT welcome/static/js/teacher_rtc.js: 8
[2013-01-28 10:42:39] EDIT welcome/static/js/teacher_rtc.js: 5
[2013-01-28 10:42:54] EDIT welcome/static/js/teacher_rtc.js: 0
[2013-01-28 10:43:43] EDIT welcome/static/js/teacher_rtc.js: 4
[2013-01-28 10:44:26] EDIT welcome/static/js/teacher_rtc.js: 1
[2013-01-28 10:44:32] EDIT welcome/static/js/teacher_rtc.js: 0
[2013-01-28 10:44:54] EDIT welcome/static/js/teacher_rtc.js: 1
[2013-01-28 10:44:59] EDIT welcome/static/js/teacher_rtc.js: 0
[2013-01-28 10:45:26] EDIT welcome/static/js/teacher_rtc.js: 2
[2013-01-28 10:47:56] EDIT welcome/static/js/teacher_rtc.js: -16
[2013-01-28 10:48:46] EDIT welcome/static/js/teacher_rtc.js: 16
[2013-01-28 10:48:46] EDIT welcome/static/js/teacher_rtc.js: 0
[2013-01-28 10:49:16] EDIT welcome/static/js/teacher_rtc.js: 4
[2013-01-28 10:49:30] EDIT welcome/static/js/teacher_rtc.js: 0
[2013-01-28 10:51:21] EDIT welcome/static/js/teacher_rtc.js: 0
[2013-01-28 10:51:37] EDIT welcome/static/js/teacher_rtc.js: 0
[2013-01-28 10:51:53] EDIT welcome/static/js/teacher_rtc.js: -2
[2013-01-28 10:52:26] EDIT welcome/static/js/teacher_rtc.js: 2
[2013-01-28 12:08:30] EDIT welcome/static/js/teacher_rtc.js: 0
[2013-01-28 12:16:36] EDIT welcome/static/js/teacher_rtc.js: 9
[2013-01-28 12:16:38] EDIT welcome/static/js/teacher_rtc.js: 0
[2013-01-28 12:18:59] EDIT welcome/static/js/teacher_rtc.js: 9
[2013-01-28 12:19:51] EDIT welcome/static/js/teacher_rtc.js: -19
[2013-01-28 12:20:19] EDIT welcome/static/js/teacher_rtc.js: -8
[2013-01-28 12:20:46] EDIT welcome/static/js/teacher_rtc.js: 7
[2013-01-28 12:21:28] EDIT welcome/static/js/teacher_rtc.js: 1
[2013-01-28 12:21:30] EDIT welcome/static/js/teacher_rtc.js: 0
[2013-01-28 12:21:55] EDIT welcome/static/js/teacher_rtc.js: 1
[2013-01-28 12:21:57] EDIT welcome/static/js/teacher_rtc.js: 0
[2013-01-28 12:23:20] EDIT welcome/static/js/teacher_rtc.js: 1
[2013-01-28 12:24:30] EDIT welcome/static/js/teacher_rtc.js: 2
[2013-01-28 12:24:46] EDIT welcome/static/js/teacher_rtc.js: -4
[2013-01-28 12:27:04] EDIT welcome/static/js/teacher_rtc.js: -18
[2013-01-28 12:27:51] EDIT welcome/static/js/teacher_rtc.js: 1
[2013-01-28 12:28:06] EDIT welcome/static/js/teacher_rtc.js: 0
[2013-01-28 12:28:15] EDIT welcome/static/js/teacher_rtc.js: 0
[2013-01-28 13:26:28] EDIT welcome/static/js/teacher_rtc.js: 2
[2013-01-28 13:29:16] EDIT welcome/static/js/teacher_rtc.js: 8
[2013-01-28 13:29:44] EDIT welcome/static/js/teacher_rtc.js: 1
[2013-01-28 13:29:49] EDIT welcome/static/js/teacher_rtc.js: 0
[2013-01-28 13:29:52] EDIT welcome/static/js/teacher_rtc.js: 0
[2013-01-28 13:30:01] EDIT welcome/static/js/teacher_rtc.js: 0
[2013-01-28 13:30:13] EDIT welcome/static/js/teacher_rtc.js: 0
[2013-01-28 13:30:22] EDIT welcome/static/js/teacher_rtc.js: 0
[2013-01-28 13:30:44] EDIT welcome/static/js/teacher_rtc.js: 0
[2013-01-28 13:39:08] EDIT welcome/static/js/teacher_rtc.js: 0
[2013-01-28 13:39:47] EDIT welcome/static/js/teacher_rtc.js: -2
[2013-01-28 13:40:07] EDIT welcome/static/js/teacher_rtc.js: 1
[2013-01-28 13:40:16] EDIT welcome/static/js/teacher_rtc.js: 0
[2013-01-28 13:40:26] EDIT welcome/static/js/teacher_rtc.js: -1
[2013-01-28 13:40:35] EDIT welcome/static/js/teacher_rtc.js: 0
[2013-01-28 13:40:43] EDIT welcome/static/js/teacher_rtc.js: 0
[2013-01-28 13:41:25] EDIT welcome/static/js/teacher_rtc.js: 1
[2013-01-28 13:42:14] EDIT welcome/static/js/teacher_rtc.js: 0
[2013-01-28 13:43:30] EDIT welcome/static/js/teacher_rtc.js: 0
[2013-01-28 13:43:46] EDIT welcome/static/js/teacher_rtc.js: 0
[2013-01-28 13:44:12] EDIT welcome/static/js/teacher_rtc.js: 0
[2013-01-28 13:47:22] EDIT welcome/static/js/teacher_rtc.js: 1
[2013-01-28 13:47:33] EDIT welcome/static/js/teacher_rtc.js: 0
[2013-01-28 14:47:06] EDIT welcome/static/js/teacher_rtc.js: 0
[2013-01-28 15:18:01] EDIT welcome/static/js/teacher_rtc.js: -2
[2013-01-28 15:18:06] EDIT welcome/static/js/teacher_rtc.js: 0
[2013-01-28 15:21:00] EDIT welcome/static/js/teacher_rtc.js: 0
[2013-01-28 15:21:20] EDIT welcome/static/js/teacher_rtc.js: 0
[2013-01-28 15:22:53] EDIT welcome/static/js/teacher_rtc.js: -3
[2013-01-28 15:28:13] EDIT welcome/static/js/teacher_rtc.js: 2
[2013-01-28 15:31:42] EDIT welcome/static/js/teacher_rtc.js: -9
[2013-01-28 15:32:11] EDIT welcome/static/js/teacher_rtc.js: 1
[2013-01-28 15:33:14] EDIT welcome/static/js/teacher_rtc.js: -9
[2013-01-28 15:35:34] EDIT welcome/static/js/teacher_rtc.js: 8
[2013-01-28 15:35:40] EDIT welcome/static/js/teacher_rtc.js: 0
[2013-01-28 15:36:04] EDIT welcome/static/js/teacher_rtc.js: 1
[2013-01-28 15:36:43] EDIT welcome/static/js/teacher_rtc.js: 0
[2013-01-28 15:37:16] EDIT welcome/static/js/teacher_rtc.js: 0
[2013-01-28 15:39:40] EDIT welcome/views/webrtc/teacher.html: 1
[2013-01-28 15:39:42] EDIT welcome/views/webrtc/teacher.html: 0
[2013-01-28 15:40:46] EDIT welcome/static/js/teacher_rtc.js: 1
[2013-01-28 15:43:23] EDIT welcome/static/js/teacher_rtc.js: 0
[2013-01-28 15:44:36] EDIT welcome/static/js/teacher_rtc.js: 0
[2013-01-28 15:46:40] EDIT welcome/controllers/webrtc.py: 4
[2013-01-28 15:47:35] EDIT welcome/controllers/webrtc.py: 0
[2013-01-28 15:47:51] EDIT welcome/static/js/teacher_rtc.js: 0
[2013-01-28 15:48:23] EDIT welcome/views/webrtc/teacher.html: 1
[2013-01-28 15:49:12] EDIT welcome/views/webrtc/teacher.html: 0
[2013-01-28 15:50:39] EDIT welcome/controllers/webrtc.py: 3
[2013-01-28 15:50:51] EDIT welcome/controllers/webrtc.py: 1
[2013-01-28 15:51:40] EDIT welcome/controllers/webrtc.py: 1
[2013-01-28 15:51:58] EDIT welcome/controllers/webrtc.py: -5
[2013-01-28 15:52:42] EDIT welcome/controllers/webrtc.py: 0
[2013-01-28 15:53:12] EDIT welcome/static/js/teacher_rtc.js: 0
[2013-01-28 15:53:36] CREATE webrtc/student.html: 0
[2013-01-28 15:54:04] EDIT welcome/views/webrtc/student.html: 10
[2013-01-28 15:54:15] EDIT welcome/views/webrtc/student.html: -1
[2013-01-28 15:54:24] EDIT welcome/views/webrtc/student.html: 0
[2013-01-29 09:39:59] CREATE js/student_rtc.js: 0
[2013-01-29 10:11:26] EDIT welcome/static/js/student_rtc.js: 107
[2013-01-29 10:12:41] EDIT welcome/views/webrtc/student.html: 1
[2013-01-29 10:13:44] EDIT welcome/static/js/teacher_rtc.js: -4
[2013-01-29 10:13:58] EDIT welcome/static/js/student_rtc.js: -4
[2013-01-29 10:15:57] EDIT welcome/static/js/student_rtc.js: 0
[2013-01-29 10:18:11] EDIT welcome/static/js/student_rtc.js: 2
[2013-01-29 10:18:58] EDIT welcome/static/js/student_rtc.js: 3
[2013-01-29 10:19:10] EDIT welcome/static/js/student_rtc.js: 0
[2013-01-29 10:19:11] EDIT welcome/static/js/student_rtc.js: 0
[2013-01-29 10:19:21] EDIT welcome/static/js/student_rtc.js: 1
[2013-01-29 10:19:21] EDIT welcome/static/js/student_rtc.js: 0
[2013-01-29 10:19:22] EDIT welcome/static/js/student_rtc.js: 0
[2013-01-29 10:20:03] EDIT welcome/static/js/student_rtc.js: 1
[2013-01-29 10:20:03] EDIT welcome/static/js/student_rtc.js: 0
[2013-01-29 10:21:57] EDIT welcome/static/js/student_rtc.js: 4
[2013-01-29 10:23:17] EDIT welcome/static/js/student_rtc.js: 1
[2013-01-29 10:23:35] EDIT welcome/static/js/student_rtc.js: 1
[2013-01-29 10:23:38] EDIT welcome/static/js/student_rtc.js: 0
[2013-01-29 10:23:47] EDIT welcome/static/js/student_rtc.js: -5
[2013-01-29 10:23:54] EDIT welcome/static/js/student_rtc.js: 5
[2013-01-29 10:25:13] EDIT welcome/static/js/teacher_rtc.js: 0
[2013-01-29 10:25:39] EDIT welcome/static/js/student_rtc.js: 0
[2013-01-29 10:27:12] EDIT welcome/static/js/student_rtc.js: 0
[2013-01-29 10:27:47] EDIT welcome/static/js/student_rtc.js: -1
[2013-01-29 10:27:51] EDIT welcome/static/js/student_rtc.js: 1
[2013-01-29 10:28:03] EDIT welcome/static/js/teacher_rtc.js: 0
[2013-01-29 10:31:46] EDIT welcome/controllers/webrtc.py: 0
[2013-01-29 10:34:33] EDIT welcome/controllers/webrtc.py: 0
[2013-01-29 10:34:38] EDIT welcome/controllers/webrtc.py: 0
[2013-01-29 10:35:12] EDIT welcome/static/js/student_rtc.js: 1
[2013-01-29 10:35:32] EDIT welcome/views/webrtc/student.html: 0
[2013-01-29 10:35:58] EDIT welcome/static/js/student_rtc.js: 0
[2013-01-29 10:37:39] EDIT welcome/controllers/webrtc.py: 0
[2013-01-29 10:40:16] EDIT welcome/controllers/webrtc.py: 1
[2013-01-29 10:41:25] EDIT welcome/controllers/webrtc.py: 1
[2013-01-29 10:41:49] EDIT welcome/controllers/webrtc.py: 0
[2013-01-29 10:41:52] EDIT welcome/controllers/webrtc.py: 0
[2013-01-29 10:42:32] EDIT welcome/controllers/webrtc.py: -1
[2013-01-29 10:42:44] EDIT welcome/views/webrtc/student.html: 0
[2013-01-29 10:43:07] EDIT welcome/controllers/webrtc.py: 1
[2013-01-29 10:46:15] EDIT welcome/controllers/webrtc.py: 0
[2013-01-29 10:47:06] EDIT welcome/controllers/webrtc.py: 0
[2013-01-29 10:47:35] EDIT welcome/controllers/webrtc.py: 2
[2013-01-29 10:47:43] EDIT welcome/controllers/webrtc.py: 0
[2013-01-29 10:48:57] EDIT welcome/controllers/webrtc.py: -2
[2013-01-29 10:49:52] EDIT welcome/controllers/webrtc.py: 0
[2013-01-29 10:50:19] EDIT welcome/controllers/webrtc.py: 0
[2013-01-29 10:51:01] EDIT welcome/controllers/webrtc.py: 0
[2013-01-29 10:51:19] EDIT welcome/controllers/webrtc.py: -1
[2013-01-29 10:51:35] EDIT welcome/views/webrtc/student.html: 0
[2013-01-29 10:52:08] EDIT welcome/controllers/webrtc.py: 0
[2013-01-29 10:52:47] EDIT welcome/views/webrtc/student.html: 0
[2013-01-29 10:53:14] EDIT welcome/static/js/student_rtc.js: -1
[2013-01-29 10:54:35] EDIT welcome/static/js/student_rtc.js: 0
[2013-01-29 10:56:24] EDIT welcome/views/webrtc/student.html: 0
[2013-01-29 10:56:46] EDIT welcome/static/js/student_rtc.js: 1
[2013-01-29 10:57:23] EDIT welcome/static/js/student_rtc.js: 1
[2013-01-29 10:58:37] EDIT welcome/static/js/student_rtc.js: 0
[2013-01-29 11:00:15] EDIT welcome/static/js/student_rtc.js: 0
[2013-01-29 11:01:20] EDIT welcome/static/js/student_rtc.js: 0
[2013-01-29 11:05:31] EDIT welcome/static/js/student_rtc.js: 0
[2013-01-29 11:07:45] EDIT welcome/static/js/teacher_rtc.js: 0
[2013-01-29 11:07:57] EDIT welcome/static/js/student_rtc.js: 0
[2013-01-29 11:08:01] EDIT welcome/static/js/student_rtc.js: 0
[2013-01-29 11:15:51] EDIT welcome/static/js/student_rtc.js: 5
[2013-01-29 11:18:14] EDIT welcome/static/js/student_rtc.js: 0
[2013-01-29 11:18:27] EDIT welcome/static/js/student_rtc.js: 0
[2013-01-29 11:31:35] EDIT welcome/static/js/student_rtc.js: 10
[2013-01-29 11:38:51] EDIT welcome/static/js/student_rtc.js: 11
[2013-01-29 11:39:03] EDIT welcome/static/js/student_rtc.js: 0
[2013-01-29 11:41:01] EDIT welcome/static/js/student_rtc.js: -11
[2013-01-29 11:42:10] EDIT welcome/static/js/student_rtc.js: 0
[2013-01-29 11:50:10] EDIT welcome/static/js/teacher_rtc.js: 1
[2013-01-29 11:50:46] EDIT welcome/static/js/student_rtc.js: 1
[2013-01-29 11:51:08] EDIT welcome/static/js/teacher_rtc.js: 0
[2013-01-29 11:54:39] EDIT welcome/static/js/teacher_rtc.js: 5
[2013-01-29 11:55:55] EDIT welcome/static/js/student_rtc.js: 0
[2013-01-29 11:56:09] EDIT welcome/static/js/teacher_rtc.js: -5
[2013-01-29 12:01:32] EDIT welcome/static/js/student_rtc.js: 0
[2013-01-29 12:35:02] EDIT welcome/static/js/teacher_rtc.js: -1
[2013-01-29 12:48:27] EDIT welcome/static/js/student_rtc.js: 0
[2013-01-29 12:49:51] EDIT welcome/static/js/student_rtc.js: 1
[2013-01-30 16:06:12] EDIT welcome/controllers/webrtc.py: 0
[2013-01-30 16:06:26] EDIT welcome/controllers/webrtc.py: 0
[2013-01-30 16:20:49] EDIT welcome/static/js/student_rtc.js: 1
[2013-01-30 16:29:47] EDIT welcome/static/js/student_rtc.js: 0
[2013-01-30 16:34:45] EDIT welcome/static/js/student_rtc.js: 0
[2013-01-30 16:53:58] EDIT welcome/static/js/student_rtc.js: 0
[2013-01-30 16:59:07] EDIT welcome/static/js/student_rtc.js: 0
[2013-01-30 17:06:49] EDIT welcome/static/js/student_rtc.js: 0
[2013-01-30 17:07:46] EDIT welcome/static/js/student_rtc.js: 0
[2013-01-30 17:08:54] EDIT welcome/static/js/student_rtc.js: 0
[2013-01-30 17:09:27] EDIT welcome/static/js/teacher_rtc.js: 0
[2013-01-30 17:09:29] EDIT welcome/static/js/student_rtc.js: 0
[2013-01-30 17:10:46] EDIT welcome/static/js/student_rtc.js: 0
[2013-01-30 17:11:53] EDIT welcome/static/js/student_rtc.js: 0
[2013-01-30 17:11:55] EDIT welcome/static/js/student_rtc.js: 0
[2013-01-30 17:37:16] EDIT welcome/controllers/webrtc.py: 0
[2013-01-30 17:38:05] EDIT welcome/controllers/webrtc.py: 0
[2013-01-30 17:40:19] EDIT welcome/controllers/webrtc.py: 2
[2013-01-30 17:43:57] EDIT welcome/controllers/webrtc.py: 0
[2013-01-30 17:45:02] EDIT welcome/static/js/student_rtc.js: 0
[2013-01-30 21:45:06] EDIT welcome/static/js/student_rtc.js: 2
[2013-01-30 21:45:50] EDIT welcome/static/js/student_rtc.js: 0
[2013-01-30 21:46:06] EDIT welcome/static/js/student_rtc.js: 0
[2013-01-30 21:46:06] EDIT welcome/static/js/student_rtc.js: 0
[2013-01-30 22:13:28] EDIT welcome/controllers/webrtc.py: 0
[2013-01-30 22:13:36] EDIT welcome/static/js/student_rtc.js: -2
